# JRE version: 7.0_21-b11
# Java VM: Java HotSpot(TM) Client VM (23.21-b01 mixed mode, sharing windows-x86 )
Heap
 def new generation   total 16064K, used 13767K [0x23a90000, 0x24bf0000, 0x28fe0000)
  eden space 14336K,  96% used [0x23a90000, 0x24801c90, 0x24890000)
  from space 1728K,   0% used [0x24890000, 0x24890000, 0x24a40000)
  to   space 1728K,   0% used [0x24a40000, 0x24a40000, 0x24bf0000)
 tenured generation   total 35528K, used 18630K [0x28fe0000, 0x2b292000, 0x33a90000)
   the space 35528K,  52% used [0x28fe0000, 0x2a211a20, 0x2a211c00, 0x2b292000)
 compacting perm gen  total 12288K, used 2641K [0x33a90000, 0x34690000, 0x37a90000)
   the space 12288K,  21% used [0x33a90000, 0x33d244d0, 0x33d24600, 0x34690000)
    ro space 10240K,  45% used [0x37a90000, 0x37f17988, 0x37f17a00, 0x38490000)
    rw space 12288K,  54% used [0x38490000, 0x38b1b5d8, 0x38b1b600, 0x39090000)
GC Heap History (10 events):
Event: 3.032 GC heap before
{Heap before GC invocations=2 (full 0):
 def new generation   total 4928K, used 4928K [0x23a90000, 0x23fe0000, 0x28fe0000)
  eden space 4416K, 100% used [0x23a90000, 0x23ee0000, 0x23ee0000)
  from space 512K, 100% used [0x23ee0000, 0x23f60000, 0x23f60000)
  to   space 512K,   0% used [0x23f60000, 0x23f60000, 0x23fe0000)
 tenured generation   total 10944K, used 1580K [0x28fe0000, 0x29a90000, 0x33a90000)
   the space 10944K,  14% used [0x28fe0000, 0x2916b350, 0x2916b400, 0x29a90000)
 compacting perm gen  total 12288K, used 2615K [0x33a90000, 0x34690000, 0x37a90000)
   the space 12288K,  21% used [0x33a90000, 0x33d1dc18, 0x33d1de00, 0x34690000)
    ro space 10240K,  45% used [0x37a90000, 0x37f17988, 0x37f17a00, 0x38490000)
    rw space 12288K,  54% used [0x38490000, 0x38b1b5d8, 0x38b1b600, 0x39090000)
Event: 3.035 GC heap after
Heap after GC invocations=3 (full 0):
 def new generation   total 4928K, used 512K [0x23a90000, 0x23fe0000, 0x28fe0000)
  eden space 4416K,   0% used [0x23a90000, 0x23a90000, 0x23ee0000)
  from space 512K, 100% used [0x23f60000, 0x23fe0000, 0x23fe0000)
  to   space 512K,   0% used [0x23ee0000, 0x23ee0000, 0x23f60000)
 tenured generation   total 10944K, used 2859K [0x28fe0000, 0x29a90000, 0x33a90000)
   the space 10944K,  26% used [0x28fe0000, 0x292aad70, 0x292aae00, 0x29a90000)
 compacting perm gen  total 12288K, used 2615K [0x33a90000, 0x34690000, 0x37a90000)
   the space 12288K,  21% used [0x33a90000, 0x33d1dc18, 0x33d1de00, 0x34690000)
    ro space 10240K,  45% used [0x37a90000, 0x37f17988, 0x37f17a00, 0x38490000)
    rw space 12288K,  54% used [0x38490000, 0x38b1b5d8, 0x38b1b600, 0x39090000)
}
Event: 3.199 GC heap before
{Heap before GC invocations=3 (full 0):
 def new generation   total 4928K, used 4794K [0x23a90000, 0x23fe0000, 0x28fe0000)
  eden space 4416K,  96% used [0x23a90000, 0x23ebeba8, 0x23ee0000)
  from space 512K, 100% used [0x23f60000, 0x23fe0000, 0x23fe0000)
  to   space 512K,   0% used [0x23ee0000, 0x23ee0000, 0x23f60000)
 tenured generation   total 10944K, used 2859K [0x28fe0000, 0x29a90000, 0x33a90000)
   the space 10944K,  26% used [0x28fe0000, 0x292aad70, 0x292aae00, 0x29a90000)
 compacting perm gen  total 12288K, used 2618K [0x33a90000, 0x34690000, 0x37a90000)
   the space 12288K,  21% used [0x33a90000, 0x33d1ebf0, 0x33d1ec00, 0x34690000)
    ro space 10240K,  45% used [0x37a90000, 0x37f17988, 0x37f17a00, 0x38490000)
    rw space 12288K,  54% used [0x38490000, 0x38b1b5d8, 0x38b1b600, 0x39090000)
Event: 3.202 GC heap after
Heap after GC invocations=4 (full 0):
 def new generation   total 4928K, used 134K [0x23a90000, 0x23fe0000, 0x28fe0000)
  eden space 4416K,   0% used [0x23a90000, 0x23a90000, 0x23ee0000)
  from space 512K,  26% used [0x23ee0000, 0x23f01900, 0x23f60000)
  to   space 512K,   0% used [0x23f60000, 0x23f60000, 0x23fe0000)
 tenured generation   total 10944K, used 5408K [0x28fe0000, 0x29a90000, 0x33a90000)
   the space 10944K,  49% used [0x28fe0000, 0x295283c0, 0x29528400, 0x29a90000)
 compacting perm gen  total 12288K, used 2618K [0x33a90000, 0x34690000, 0x37a90000)
   the space 12288K,  21% used [0x33a90000, 0x33d1ebf0, 0x33d1ec00, 0x34690000)
    ro space 10240K,  45% used [0x37a90000, 0x37f17988, 0x37f17a00, 0x38490000)
    rw space 12288K,  54% used [0x38490000, 0x38b1b5d8, 0x38b1b600, 0x39090000)
}
Event: 3.337 GC heap before
{Heap before GC invocations=4 (full 0):
 def new generation   total 4928K, used 4279K [0x23a90000, 0x23fe0000, 0x28fe0000)
  eden space 4416K,  93% used [0x23a90000, 0x23e9c490, 0x23ee0000)
  from space 512K,  26% used [0x23ee0000, 0x23f01900, 0x23f60000)
  to   space 512K,   0% used [0x23f60000, 0x23f60000, 0x23fe0000)
 tenured generation   total 10944K, used 5408K [0x28fe0000, 0x29a90000, 0x33a90000)
   the space 10944K,  49% used [0x28fe0000, 0x295283c0, 0x29528400, 0x29a90000)
 compacting perm gen  total 12288K, used 2619K [0x33a90000, 0x34690000, 0x37a90000)
   the space 12288K,  21% used [0x33a90000, 0x33d1ec00, 0x33d1ec00, 0x34690000)
    ro space 10240K,  45% used [0x37a90000, 0x37f17988, 0x37f17a00, 0x38490000)
    rw space 12288K,  54% used [0x38490000, 0x38b1b5d8, 0x38b1b600, 0x39090000)
Event: 3.351 GC heap after
Heap after GC invocations=5 (full 1):
 def new generation   total 4992K, used 0K [0x23a90000, 0x23ff0000, 0x28fe0000)
  eden space 4480K,   0% used [0x23a90000, 0x23a90000, 0x23ef0000)
  from space 512K,   0% used [0x23ef0000, 0x23ef0000, 0x23f70000)
  to   space 512K,   0% used [0x23f70000, 0x23f70000, 0x23ff0000)
 tenured generation   total 10944K, used 6342K [0x28fe0000, 0x29a90000, 0x33a90000)
   the space 10944K,  57% used [0x28fe0000, 0x296119d0, 0x29611a00, 0x29a90000)
 compacting perm gen  total 12288K, used 2619K [0x33a90000, 0x34690000, 0x37a90000)
   the space 12288K,  21% used [0x33a90000, 0x33d1ec00, 0x33d1ec00, 0x34690000)
    ro space 10240K,  45% used [0x37a90000, 0x37f17988, 0x37f17a00, 0x38490000)
    rw space 12288K,  54% used [0x38490000, 0x38b1b5d8, 0x38b1b600, 0x39090000)
}
Event: 3.625 GC heap before
{Heap before GC invocations=5 (full 1):
 def new generation   total 4992K, used 45K [0x23a90000, 0x23ff0000, 0x28fe0000)
  eden space 4480K,   1% used [0x23a90000, 0x23a9b6e0, 0x23ef0000)
  from space 512K,   0% used [0x23ef0000, 0x23ef0000, 0x23f70000)
  to   space 512K,   0% used [0x23f70000, 0x23f70000, 0x23ff0000)
 tenured generation   total 19140K, used 14534K [0x28fe0000, 0x2a291000, 0x33a90000)
   the space 19140K,  75% used [0x28fe0000, 0x29e119e0, 0x29e11a00, 0x2a291000)
 compacting perm gen  total 12288K, used 2619K [0x33a90000, 0x34690000, 0x37a90000)
   the space 12288K,  21% used [0x33a90000, 0x33d1ec00, 0x33d1ec00, 0x34690000)
    ro space 10240K,  45% used [0x37a90000, 0x37f17988, 0x37f17a00, 0x38490000)
    rw space 12288K,  54% used [0x38490000, 0x38b1b5d8, 0x38b1b600, 0x39090000)
Event: 3.635 GC heap after
Heap after GC invocations=6 (full 2):
 def new generation   total 8640K, used 0K [0x23a90000, 0x243f0000, 0x28fe0000)
  eden space 7680K,   0% used [0x23a90000, 0x23a90000, 0x24210000)
  from space 960K,   0% used [0x24210000, 0x24210000, 0x24300000)
  to   space 960K,   0% used [0x24300000, 0x24300000, 0x243f0000)
 tenured generation   total 19140K, used 10438K [0x28fe0000, 0x2a291000, 0x33a90000)
   the space 19140K,  54% used [0x28fe0000, 0x29a119d0, 0x29a11a00, 0x2a291000)
 compacting perm gen  total 12288K, used 2619K [0x33a90000, 0x34690000, 0x37a90000)
   the space 12288K,  21% used [0x33a90000, 0x33d1ec00, 0x33d1ec00, 0x34690000)
    ro space 10240K,  45% used [0x37a90000, 0x37f17988, 0x37f17a00, 0x38490000)
    rw space 12288K,  54% used [0x38490000, 0x38b1b5d8, 0x38b1b600, 0x39090000)
}
Event: 3.860 GC heap before
{Heap before GC invocations=6 (full 2):
 def new generation   total 8640K, used 56K [0x23a90000, 0x243f0000, 0x28fe0000)
  eden space 7680K,   0% used [0x23a90000, 0x23a9e0d8, 0x24210000)
  from space 960K,   0% used [0x24210000, 0x24210000, 0x24300000)
  to   space 960K,   0% used [0x24300000, 0x24300000, 0x243f0000)
 tenured generation   total 35528K, used 26822K [0x28fe0000, 0x2b292000, 0x33a90000)
   the space 35528K,  75% used [0x28fe0000, 0x2aa119e0, 0x2aa11a00, 0x2b292000)
 compacting perm gen  total 12288K, used 2619K [0x33a90000, 0x34690000, 0x37a90000)
   the space 12288K,  21% used [0x33a90000, 0x33d1ed30, 0x33d1ee00, 0x34690000)
    ro space 10240K,  45% used [0x37a90000, 0x37f17988, 0x37f17a00, 0x38490000)
    rw space 12288K,  54% used [0x38490000, 0x38b1b5d8, 0x38b1b600, 0x39090000)
Event: 3.873 GC heap after
Heap after GC invocations=7 (full 3):
 def new generation   total 16064K, used 0K [0x23a90000, 0x24bf0000, 0x28fe0000)
  eden space 14336K,   0% used [0x23a90000, 0x23a90000, 0x24890000)
  from space 1728K,   0% used [0x24890000, 0x24890000, 0x24a40000)
  to   space 1728K,   0% used [0x24a40000, 0x24a40000, 0x24bf0000)
 tenured generation   total 35528K, used 18630K [0x28fe0000, 0x2b292000, 0x33a90000)
   the space 35528K,  52% used [0x28fe0000, 0x2a211a20, 0x2a211c00, 0x2b292000)
 compacting perm gen  total 12288K, used 2619K [0x33a90000, 0x34690000, 0x37a90000)
   the space 12288K,  21% used [0x33a90000, 0x33d1ed30, 0x33d1ee00, 0x34690000)
    ro space 10240K,  45% used [0x37a90000, 0x37f17988, 0x37f17a00, 0x38490000)
    rw space 12288K,  54% used [0x38490000, 0x38b1b5d8, 0x38b1b600, 0x39090000)
}

