# JRE version: 7.0_21-b11
# Java VM: Java HotSpot(TM) Client VM (23.21-b01 mixed mode, sharing windows-x86 )
Heap
 def new generation   total 16064K, used 14263K [0x23a90000, 0x24bf0000, 0x28fe0000)
  eden space 14336K,  99% used [0x23a90000, 0x2487dd40, 0x24890000)
  from space 1728K,   0% used [0x24890000, 0x24890000, 0x24a40000)
  to   space 1728K,   0% used [0x24a40000, 0x24a40000, 0x24bf0000)
 tenured generation   total 35528K, used 18843K [0x28fe0000, 0x2b292000, 0x33a90000)
   the space 35528K,  53% used [0x28fe0000, 0x2a246f00, 0x2a247000, 0x2b292000)
 compacting perm gen  total 12288K, used 2641K [0x33a90000, 0x34690000, 0x37a90000)
   the space 12288K,  21% used [0x33a90000, 0x33d246e0, 0x33d24800, 0x34690000)
    ro space 10240K,  45% used [0x37a90000, 0x37f17988, 0x37f17a00, 0x38490000)
    rw space 12288K,  54% used [0x38490000, 0x38b1b5d8, 0x38b1b600, 0x39090000)
GC Heap History (10 events):
Event: 8.858 GC heap before
{Heap before GC invocations=3 (full 0):
 def new generation   total 4928K, used 4087K [0x23a90000, 0x23fe0000, 0x28fe0000)
  eden space 4416K,  80% used [0x23a90000, 0x23e0dd00, 0x23ee0000)
  from space 512K, 100% used [0x23f60000, 0x23fe0000, 0x23fe0000)
  to   space 512K,   0% used [0x23ee0000, 0x23ee0000, 0x23f60000)
 tenured generation   total 10944K, used 2663K [0x28fe0000, 0x29a90000, 0x33a90000)
   the space 10944K,  24% used [0x28fe0000, 0x29279da0, 0x29279e00, 0x29a90000)
 compacting perm gen  total 12288K, used 2619K [0x33a90000, 0x34690000, 0x37a90000)
   the space 12288K,  21% used [0x33a90000, 0x33d1ee58, 0x33d1f000, 0x34690000)
    ro space 10240K,  45% used [0x37a90000, 0x37f17988, 0x37f17a00, 0x38490000)
    rw space 12288K,  54% used [0x38490000, 0x38b1b5d8, 0x38b1b600, 0x39090000)
Event: 8.860 GC heap after
Heap after GC invocations=4 (full 0):
 def new generation   total 4928K, used 507K [0x23a90000, 0x23fe0000, 0x28fe0000)
  eden space 4416K,   0% used [0x23a90000, 0x23a90000, 0x23ee0000)
  from space 512K,  99% used [0x23ee0000, 0x23f5ec30, 0x23f60000)
  to   space 512K,   0% used [0x23f60000, 0x23f60000, 0x23fe0000)
 tenured generation   total 10944K, used 4299K [0x28fe0000, 0x29a90000, 0x33a90000)
   the space 10944K,  39% used [0x28fe0000, 0x29412f78, 0x29413000, 0x29a90000)
 compacting perm gen  total 12288K, used 2619K [0x33a90000, 0x34690000, 0x37a90000)
   the space 12288K,  21% used [0x33a90000, 0x33d1ee58, 0x33d1f000, 0x34690000)
    ro space 10240K,  45% used [0x37a90000, 0x37f17988, 0x37f17a00, 0x38490000)
    rw space 12288K,  54% used [0x38490000, 0x38b1b5d8, 0x38b1b600, 0x39090000)
}
Event: 8.969 GC heap before
{Heap before GC invocations=4 (full 0):
 def new generation   total 4928K, used 2610K [0x23a90000, 0x23fe0000, 0x28fe0000)
  eden space 4416K,  47% used [0x23a90000, 0x23c9df88, 0x23ee0000)
  from space 512K,  99% used [0x23ee0000, 0x23f5ec30, 0x23f60000)
  to   space 512K,   0% used [0x23f60000, 0x23f60000, 0x23fe0000)
 tenured generation   total 10944K, used 4299K [0x28fe0000, 0x29a90000, 0x33a90000)
   the space 10944K,  39% used [0x28fe0000, 0x29412f78, 0x29413000, 0x29a90000)
 compacting perm gen  total 12288K, used 2619K [0x33a90000, 0x34690000, 0x37a90000)
   the space 12288K,  21% used [0x33a90000, 0x33d1ee68, 0x33d1f000, 0x34690000)
    ro space 10240K,  45% used [0x37a90000, 0x37f17988, 0x37f17a00, 0x38490000)
    rw space 12288K,  54% used [0x38490000, 0x38b1b5d8, 0x38b1b600, 0x39090000)
Event: 8.971 GC heap after
Heap after GC invocations=5 (full 0):
 def new generation   total 4992K, used 0K [0x23a90000, 0x23ff0000, 0x28fe0000)
  eden space 4480K,   0% used [0x23a90000, 0x23a90000, 0x23ef0000)
  from space 512K,   0% used [0x23ef0000, 0x23ef0000, 0x23f70000)
  to   space 512K,   0% used [0x23f70000, 0x23f70000, 0x23ff0000)
 tenured generation   total 10944K, used 6789K [0x28fe0000, 0x29a90000, 0x33a90000)
   the space 10944K,  62% used [0x28fe0000, 0x29681798, 0x29681800, 0x29a90000)
 compacting perm gen  total 12288K, used 2619K [0x33a90000, 0x34690000, 0x37a90000)
   the space 12288K,  21% used [0x33a90000, 0x33d1ee68, 0x33d1f000, 0x34690000)
    ro space 10240K,  45% used [0x37a90000, 0x37f17988, 0x37f17a00, 0x38490000)
    rw space 12288K,  54% used [0x38490000, 0x38b1b5d8, 0x38b1b600, 0x39090000)
}
Event: 9.143 GC heap before
{Heap before GC invocations=5 (full 0):
 def new generation   total 4992K, used 4152K [0x23a90000, 0x23ff0000, 0x28fe0000)
  eden space 4480K,  92% used [0x23a90000, 0x23e9e2c8, 0x23ef0000)
  from space 512K,   0% used [0x23ef0000, 0x23ef0000, 0x23f70000)
  to   space 512K,   0% used [0x23f70000, 0x23f70000, 0x23ff0000)
 tenured generation   total 10944K, used 6789K [0x28fe0000, 0x29a90000, 0x33a90000)
   the space 10944K,  62% used [0x28fe0000, 0x29681798, 0x29681800, 0x29a90000)
 compacting perm gen  total 12288K, used 2619K [0x33a90000, 0x34690000, 0x37a90000)
   the space 12288K,  21% used [0x33a90000, 0x33d1ee78, 0x33d1f000, 0x34690000)
    ro space 10240K,  45% used [0x37a90000, 0x37f17988, 0x37f17a00, 0x38490000)
    rw space 12288K,  54% used [0x38490000, 0x38b1b5d8, 0x38b1b600, 0x39090000)
Event: 9.156 GC heap after
Heap after GC invocations=6 (full 1):
 def new generation   total 4992K, used 0K [0x23a90000, 0x23ff0000, 0x28fe0000)
  eden space 4480K,   0% used [0x23a90000, 0x23a90000, 0x23ef0000)
  from space 512K,   0% used [0x23f70000, 0x23f70000, 0x23ff0000)
  to   space 512K,   0% used [0x23ef0000, 0x23ef0000, 0x23f70000)
 tenured generation   total 10944K, used 6555K [0x28fe0000, 0x29a90000, 0x33a90000)
   the space 10944K,  59% used [0x28fe0000, 0x29646eb0, 0x29647000, 0x29a90000)
 compacting perm gen  total 12288K, used 2619K [0x33a90000, 0x34690000, 0x37a90000)
   the space 12288K,  21% used [0x33a90000, 0x33d1ee78, 0x33d1f000, 0x34690000)
    ro space 10240K,  45% used [0x37a90000, 0x37f17988, 0x37f17a00, 0x38490000)
    rw space 12288K,  54% used [0x38490000, 0x38b1b5d8, 0x38b1b600, 0x39090000)
}
Event: 9.487 GC heap before
{Heap before GC invocations=6 (full 1):
 def new generation   total 4992K, used 45K [0x23a90000, 0x23ff0000, 0x28fe0000)
  eden space 4480K,   1% used [0x23a90000, 0x23a9b6e0, 0x23ef0000)
  from space 512K,   0% used [0x23f70000, 0x23f70000, 0x23ff0000)
  to   space 512K,   0% used [0x23ef0000, 0x23ef0000, 0x23f70000)
 tenured generation   total 19140K, used 14747K [0x28fe0000, 0x2a291000, 0x33a90000)
   the space 19140K,  77% used [0x28fe0000, 0x29e46ec0, 0x29e47000, 0x2a291000)
 compacting perm gen  total 12288K, used 2619K [0x33a90000, 0x34690000, 0x37a90000)
   the space 12288K,  21% used [0x33a90000, 0x33d1ee78, 0x33d1f000, 0x34690000)
    ro space 10240K,  45% used [0x37a90000, 0x37f17988, 0x37f17a00, 0x38490000)
    rw space 12288K,  54% used [0x38490000, 0x38b1b5d8, 0x38b1b600, 0x39090000)
Event: 9.498 GC heap after
Heap after GC invocations=7 (full 2):
 def new generation   total 8640K, used 0K [0x23a90000, 0x243f0000, 0x28fe0000)
  eden space 7680K,   0% used [0x23a90000, 0x23a90000, 0x24210000)
  from space 960K,   0% used [0x24210000, 0x24210000, 0x24300000)
  to   space 960K,   0% used [0x24300000, 0x24300000, 0x243f0000)
 tenured generation   total 19140K, used 10651K [0x28fe0000, 0x2a291000, 0x33a90000)
   the space 19140K,  55% used [0x28fe0000, 0x29a46eb0, 0x29a47000, 0x2a291000)
 compacting perm gen  total 12288K, used 2619K [0x33a90000, 0x34690000, 0x37a90000)
   the space 12288K,  21% used [0x33a90000, 0x33d1ee78, 0x33d1f000, 0x34690000)
    ro space 10240K,  45% used [0x37a90000, 0x37f17988, 0x37f17a00, 0x38490000)
    rw space 12288K,  54% used [0x38490000, 0x38b1b5d8, 0x38b1b600, 0x39090000)
}
Event: 9.752 GC heap before
{Heap before GC invocations=7 (full 2):
 def new generation   total 8640K, used 63K [0x23a90000, 0x243f0000, 0x28fe0000)
  eden space 7680K,   0% used [0x23a90000, 0x23a9ffb8, 0x24210000)
  from space 960K,   0% used [0x24210000, 0x24210000, 0x24300000)
  to   space 960K,   0% used [0x24300000, 0x24300000, 0x243f0000)
 tenured generation   total 35528K, used 27035K [0x28fe0000, 0x2b292000, 0x33a90000)
   the space 35528K,  76% used [0x28fe0000, 0x2aa46ec0, 0x2aa47000, 0x2b292000)
 compacting perm gen  total 12288K, used 2619K [0x33a90000, 0x34690000, 0x37a90000)
   the space 12288K,  21% used [0x33a90000, 0x33d1efa8, 0x33d1f000, 0x34690000)
    ro space 10240K,  45% used [0x37a90000, 0x37f17988, 0x37f17a00, 0x38490000)
    rw space 12288K,  54% used [0x38490000, 0x38b1b5d8, 0x38b1b600, 0x39090000)
Event: 9.767 GC heap after
Heap after GC invocations=8 (full 3):
 def new generation   total 16064K, used 0K [0x23a90000, 0x24bf0000, 0x28fe0000)
  eden space 14336K,   0% used [0x23a90000, 0x23a90000, 0x24890000)
  from space 1728K,   0% used [0x24890000, 0x24890000, 0x24a40000)
  to   space 1728K,   0% used [0x24a40000, 0x24a40000, 0x24bf0000)
 tenured generation   total 35528K, used 18843K [0x28fe0000, 0x2b292000, 0x33a90000)
   the space 35528K,  53% used [0x28fe0000, 0x2a246f00, 0x2a247000, 0x2b292000)
 compacting perm gen  total 12288K, used 2619K [0x33a90000, 0x34690000, 0x37a90000)
   the space 12288K,  21% used [0x33a90000, 0x33d1efa8, 0x33d1f000, 0x34690000)
    ro space 10240K,  45% used [0x37a90000, 0x37f17988, 0x37f17a00, 0x38490000)
    rw space 12288K,  54% used [0x38490000, 0x38b1b5d8, 0x38b1b600, 0x39090000)
}

